[2025-08-28 22:04:04] [INFO] Checking Docker installation...
[2025-08-28 22:04:06] [SUCCESS] Docker is installed and running
[2025-08-28 22:04:06] [INFO] Building PTZ Camera Tracker container...
[2025-08-28 22:04:27] [ERROR] Failed to build container
[2025-08-28 22:04:27] [SUCCESS] Installation completed
[2025-08-28 22:04:27] [INFO] Run '.\manage.ps1 start' to start the service
[2025-08-29 09:27:10] [INFO] Checking Docker installation...
[2025-08-29 09:27:10] [SUCCESS] Docker is installed and running
[2025-08-29 09:27:10] [INFO] Building PTZ Camera Tracker container...
[2025-08-29 09:27:18] [ERROR] Failed to build container
[2025-08-29 09:27:18] [SUCCESS] Installation completed
[2025-08-29 09:27:18] [INFO] Run '.\manage.ps1 start' to start the service
[2025-08-29 09:29:37] [INFO] Checking Docker installation...
[2025-08-29 09:29:37] [SUCCESS] Docker is installed and running
[2025-08-29 09:29:37] [INFO] Building PTZ Camera Tracker container...
[2025-08-29 09:29:44] [ERROR] Failed to build container
[2025-08-29 09:29:44] [SUCCESS] Installation completed
[2025-08-29 09:29:44] [INFO] Run '.\manage.ps1 start' to start the service
[2025-08-29 09:29:52] [INFO] Checking Docker installation...
[2025-08-29 09:29:52] [SUCCESS] Docker is installed and running
[2025-08-29 09:29:52] [INFO] Building PTZ Camera Tracker container...
[2025-08-29 09:29:57] [ERROR] Failed to build container
[2025-08-29 09:29:57] [SUCCESS] Installation completed
[2025-08-29 09:29:57] [INFO] Run '.\manage.ps1 start' to start the service
[2025-08-29 09:30:14] [INFO] Checking Docker installation...
[2025-08-29 09:30:14] [SUCCESS] Docker is installed and running
[2025-08-29 09:30:14] [INFO] Building PTZ Camera Tracker container...
[2025-08-29 09:30:19] [ERROR] Failed to build container
[2025-08-29 09:30:19] [SUCCESS] Installation completed
[2025-08-29 09:30:19] [INFO] Run '.\manage.ps1 start' to start the service
[2025-08-29 09:30:43] [INFO] Checking Docker installation...
[2025-08-29 09:30:43] [SUCCESS] Docker is installed and running
[2025-08-29 09:30:43] [INFO] Building PTZ Camera Tracker container...
[2025-08-29 09:32:30] [INFO] Checking Docker installation...
[2025-08-29 09:32:30] [SUCCESS] Docker is installed and running
[2025-08-29 09:32:30] [INFO] Building PTZ Camera Tracker container...
[2025-08-29 09:50:01] [INFO] Checking Docker installation...
[2025-08-29 09:50:02] [SUCCESS] Docker is installed and running
[2025-08-29 09:50:02] [INFO] Building PTZ Camera Tracker container...
[2025-08-29 09:50:07] [ERROR] Failed to build container
[2025-08-29 09:50:07] [SUCCESS] Installation completed
[2025-08-29 09:50:07] [INFO] Run '.\manage.ps1 start' to start the service
[2025-08-29 09:50:27] [INFO] Checking Docker installation...
[2025-08-29 09:50:27] [SUCCESS] Docker is installed and running
[2025-08-29 09:50:27] [INFO] Building PTZ Camera Tracker container...
